<?xml version='1.0' encoding='UTF-8'?>
<testsuite hostname="LAPTOP-KD47AVUG" name="myc01.core.exe_stage_tester" tests="1" errors="0" failures="0" skipped="0" time="3.758" timestamp="2022-01-08T21:21:48">
                     <properties>
[...]
</properties>
                     <testcase classname="myc01.core.exe_stage_tester" name="exe_stage should test" time="3.758">
                                                 
                                               </testcase>
                     <system-out><![CDATA[]]></system-out>
                     <system-err><![CDATA[]]></system-err>
                   </testsuite>